Could not find conda environment: 0.1
You can list all discoverable environments with `conda info --envs`.

Changed directory to /rds/user/ejg84/hpc-work/MLMI2/exp.

JobID: 34153867
======
Time: Wed Nov 29 16:04:37 GMT 2023
Running on master node: cpu-p-68
Current directory: /rds/user/ejg84/hpc-work/MLMI2/exp
Can't load '/usr/local/software/slurm/slurm-22.05.10-rhel8/lib64/perl5/auto/Slurm/Slurm.so' for module Slurm: libperl.so.5.26: cannot open shared object file: No such file or directory at /usr/lib64/perl5/DynaLoader.pm line 190, <DATA> line 604.
 at /usr/local/software/slurm/current-rhel8/bin/generate_pbs_nodefile line 18.
Compilation failed in require at /usr/local/software/slurm/current-rhel8/bin/generate_pbs_nodefile line 18, <DATA> line 604.
BEGIN failed--compilation aborted at /usr/local/software/slurm/current-rhel8/bin/generate_pbs_nodefile line 18, <DATA> line 604.

Nodes allocated:
================


numtasks=, numnodes=1, mpi_tasks_per_node=1 (OMP_NUM_THREADS=1)

Executing command:
==================
python -u run.py --dropout=0.1 --seed= > logs/out.34153867

usage: run.py [-h] [--seed SEED] [--train_json TRAIN_JSON]
              [--val_json VAL_JSON] [--test_json TEST_JSON]
              [--batch_size BATCH_SIZE] [--num_layers NUM_LAYERS]
              [--fbank_dims FBANK_DIMS] [--model_dims MODEL_DIMS]
              [--concat CONCAT] [--lr LR] [--vocab VOCAB]
              [--report_interval REPORT_INTERVAL] [--num_epochs NUM_EPOCHS]
              [--dropout DROPOUT] [--optimiser OPTIMISER]
run.py: error: argument --seed: invalid int value: ''
