Loading rhel8/default-amp
  Loading requirement: dot rhel8/slurm singularity/current rhel8/global
    cuda/11.4 libpciaccess/0.16/gcc-9.4.0-6fonbj6
    libiconv/1.16/gcc-9.4.0-ahebbov libxml2/2.9.12/gcc-9.4.0-gnknt5e
    ncurses/6.2/gcc-9.4.0-aiirok7 hwloc/2.5.0/gcc-9.4.0-7sqomga
    libevent/2.1.12/gcc-9.4.0-hgny7cm numactl/2.0.14/gcc-9.4.0-52dwc6n
    cuda/11.4.0/gcc-9.4.0-3hnxhjt gdrcopy/2.2/gcc-9.4.0-e4igtfp
    knem/1.1.4/gcc-9.4.0-bpbxgva libnl/3.3.0/gcc-9.4.0-whwhrwb
    rdma-core/34.0/gcc-9.4.0-5eo5n2u ucx/1.11.1/gcc-9.4.0-lktqyl4
    openmpi/4.1.1/gcc-9.4.0-epagguv
Changed directory to /rds/user/ejg84/hpc-work/MLMI2/exp.

JobID: 34154959
======
Time: Wed Nov 29 16:42:12 GMT 2023
Running on master node: gpu-q-2
Current directory: /rds/user/ejg84/hpc-work/MLMI2/exp

Nodes allocated:
================
gpu-q-2

numtasks=1, numnodes=1, mpi_tasks_per_node=1 (OMP_NUM_THREADS=1)

Executing command:
==================
python -u run.py --dropout=0.1 > logs/out.34154959

/rds/project/rds-xyBFuSj0hm0/MLMI2.M2022/miniconda3/lib/python3.9/site-packages/torch/nn/modules/rnn.py:62: UserWarning: dropout option adds dropout after all but last recurrent layer, so non-zero dropout expects num_layers greater than 1, but got dropout=0.1 and num_layers=1
  warnings.warn("dropout option adds dropout after all but last "
